
**** Build of configuration Debug for project au20xx_flow_sensor ****

"C:\\ti\\ccs1000\\ccs\\utils\\bin\\gmake" -k all 
 
Building file: "../main.c"
Invoking: MSP430 Compiler
"C:/ti/ccs1000/ccs/tools/compiler/ti-cgt-msp430_20.2.0.LTS/bin/cl430" -vmspx --data_model=restricted --use_hw_mpy=F5 --include_path="C:/ti/ccs1000/ccs/ccs_base/msp430/include" --include_path="E:/AuraSemi/au20xx/au20xx_flow_sensor/au20xx_api" --include_path="E:/AuraSemi/au20xx/au20xx_flow_sensor/configs" --include_path="E:/AuraSemi/au20xx/au20xx_flow_sensor/interface" --include_path="C:/ti/ccs1000/ccs/tools/compiler/ti-cgt-msp430_20.2.0.LTS/include" --advice:power=all --advice:hw_config=all --define=__MSP430FR6972__ -g --printf_support=minimal --diag_warning=225 --diag_wrap=off --display_error_number --abi=eabi --silicon_errata=CPU21 --silicon_errata=CPU22 --silicon_errata=CPU40 --preproc_with_compile --preproc_dependency="main.d_raw"  "../main.c"
"../main.c", line 161: remark #1527-D: (ULP 2.1) Detected SW delay loop using empty loop. Recommend using a timer module instead
"../main.c", line 171: remark #1540-D: (ULP 11.2) Assignment of higher bits (constants) to "PBOUT_L" within a loop. Recommend using lower 4 bits to allow use of constant generators
"../main.c", line 201: remark #1530-D: (ULP 5.1) Detected divide operation(s). Recommend moving them to RAM during run time or not using as these are processing/power intensive
"../main.c", line 202: remark #1530-D: (ULP 5.1) Detected divide operation(s). Recommend moving them to RAM during run time or not using as these are processing/power intensive
"../main.c", line 66: remark #1534-D: (ULP 7.1) Detected use of global variable "cd1_value" within one function "main". Recommend placing variable in the function locally
"../main.c", line 67: remark #1534-D: (ULP 7.1) Detected use of global variable "cd2_value" within one function "main". Recommend placing variable in the function locally
"../main.c", line 68: remark #1534-D: (ULP 7.1) Detected use of global variable "cd1_previous_value" within one function "main". Recommend placing variable in the function locally
"../main.c", line 69: remark #1534-D: (ULP 7.1) Detected use of global variable "cd2_previous_value" within one function "main". Recommend placing variable in the function locally
"../main.c", line 70: remark #1534-D: (ULP 7.1) Detected use of global variable "valid_data" within one function "main". Recommend placing variable in the function locally
"../main.c", line 71: remark #1534-D: (ULP 7.1) Detected use of global variable "normal_operation_mode" within one function "main". Recommend placing variable in the function locally
"../main.c", line 72: remark #1534-D: (ULP 7.1) Detected use of global variable "tempInit" within one function "main". Recommend placing variable in the function locally
"../main.c", line 73: remark #1534-D: (ULP 7.1) Detected use of global variable "currTempValue" within one function "main". Recommend placing variable in the function locally
"../main.c", line 74: remark #1534-D: (ULP 7.1) Detected use of global variable "tempNorm" within one function "main". Recommend placing variable in the function locally
"../main.c", line 75: remark #1534-D: (ULP 7.1) Detected use of global variable "delta_x" within one function "main". Recommend placing variable in the function locally
"../main.c", line 76: remark #1534-D: (ULP 7.1) Detected use of global variable "delta_y" within one function "main". Recommend placing variable in the function locally
"../main.c", line 79: remark #1534-D: (ULP 7.1) Detected use of global variable "x0" within one function "main". Recommend placing variable in the function locally
"../main.c", line 80: remark #1534-D: (ULP 7.1) Detected use of global variable "y0" within one function "main". Recommend placing variable in the function locally
"../main.c", line 81: remark #1534-D: (ULP 7.1) Detected use of global variable "delta_r" within one function "main". Recommend placing variable in the function locally
"../main.c", line 187 (col. 30): remark #1531-D: (ULP 5.2) Detected floating point operation(s). Recommend moving them to RAM during run time or not using as these are processing/power intensive
"../main.c", line 188 (col. 30): remark #1531-D: (ULP 5.2) Detected floating point operation(s). Recommend moving them to RAM during run time or not using as these are processing/power intensive
"../main.c", line 201 (col. 27): remark #1531-D: (ULP 5.2) Detected floating point operation(s). Recommend moving them to RAM during run time or not using as these are processing/power intensive
"../main.c", line 202 (col. 27): remark #1531-D: (ULP 5.2) Detected floating point operation(s). Recommend moving them to RAM during run time or not using as these are processing/power intensive
"../main.c", line 203 (col. 23): remark #1531-D: (ULP 5.2) Detected floating point operation(s). Recommend moving them to RAM during run time or not using as these are processing/power intensive
"../main.c", line 204 (col. 23): remark #1531-D: (ULP 5.2) Detected floating point operation(s). Recommend moving them to RAM during run time or not using as these are processing/power intensive
"../main.c", line 205 (col. 33): remark #1531-D: (ULP 5.2) Detected floating point operation(s). Recommend moving them to RAM during run time or not using as these are processing/power intensive
"../main.c", line 207 (col. 34): remark #1531-D: (ULP 5.2) Detected floating point operation(s). Recommend moving them to RAM during run time or not using as these are processing/power intensive
"../main.c", line 215 (col. 33): remark #1531-D: (ULP 5.2) Detected floating point operation(s). Recommend moving them to RAM during run time or not using as these are processing/power intensive
"../main.c", line 216 (col. 33): remark #1531-D: (ULP 5.2) Detected floating point operation(s). Recommend moving them to RAM during run time or not using as these are processing/power intensive
Finished building: "../main.c"
 
Building target: "au20xx_flow_sensor.out"
Invoking: MSP430 Linker
"C:/ti/ccs1000/ccs/tools/compiler/ti-cgt-msp430_20.2.0.LTS/bin/cl430" -vmspx --data_model=restricted --use_hw_mpy=F5 --advice:power=all --advice:hw_config=all --define=__MSP430FR6972__ -g --printf_support=minimal --diag_warning=225 --diag_wrap=off --display_error_number --abi=eabi --silicon_errata=CPU21 --silicon_errata=CPU22 --silicon_errata=CPU40 -z -m"au20xx_flow_sensor.map" --heap_size=160 --stack_size=160 --cinit_hold_wdt=on -i"C:/ti/ccs1000/ccs/ccs_base/msp430/include" -i"E:/AuraSemi/au20xx/au20xx_flow_sensor/au20xx_api" -i"C:/ti/ccs1000/ccs/tools/compiler/ti-cgt-msp430_20.2.0.LTS/lib" -i"C:/ti/ccs1000/ccs/tools/compiler/ti-cgt-msp430_20.2.0.LTS/include" -i"C:/ti/ccs1000/ccs/ccs_base/msp430/lib/5xx_6xx_FRxx" -i"C:/ti/ccs1000/ccs/ccs_base/msp430/lib/FR59xx" --priority --reread_libs --diag_wrap=off --display_error_number --warn_sections --xml_link_info="au20xx_flow_sensor_linkInfo.xml" --use_hw_mpy=F5 --rom_model -o "au20xx_flow_sensor.out" "./main.obj" "./au20xx_api/au20xx_api.obj" "./source/common.obj" "./source/hal_adc.obj" "./source/hal_fram.obj" "./source/hal_gpio.obj" "./source/hal_osc.obj" "./source/hal_refa.obj" "./source/hal_spi.obj" "./source/hal_timerA.obj" "../lnk_msp430fr6972.cmd"  -llibmath.a -llibc.a 
<Linking>
remark #10372-D: (ULP 4.1) Detected uninitialized Port A in this project. Recommend initializing all unused ports to eliminate wasted current consumption on unused pins.
remark #10372-D: (ULP 4.1) Detected uninitialized Port B in this project. Recommend initializing all unused ports to eliminate wasted current consumption on unused pins.
remark #10372-D: (ULP 4.1) Detected uninitialized Port C in this project. Recommend initializing all unused ports to eliminate wasted current consumption on unused pins.
remark #10372-D: (ULP 4.1) Detected uninitialized Port D in this project. Recommend initializing all unused ports to eliminate wasted current consumption on unused pins.
remark #10372-D: (ULP 4.1) Detected uninitialized Port E in this project. Recommend initializing all unused ports to eliminate wasted current consumption on unused pins.
Finished building target: "au20xx_flow_sensor.out"
 

**** Build Finished ****
