
**** Build of configuration Debug for project au20xx_flow_sensor ****

"C:\\ti\\ccsv6\\utils\\bin\\gmake" -k all 
'Building file: ../source/hal_spi.c'
'Invoking: MSP430 Compiler'
"C:/ti/ccsv6/tools/compiler/ti-cgt-msp430_4.4.3/bin/cl430" -vmspx --abi=eabi --data_model=restricted --use_hw_mpy=F5 --include_path="C:/ti/ccsv6/ccs_base/msp430/include" --include_path="E:/AuraSemi/au20xx/au20xx_flow_sensor/configs" --include_path="E:/AuraSemi/au20xx/au20xx_flow_sensor/interface" --include_path="C:/ti/ccsv6/tools/compiler/ti-cgt-msp430_4.4.3/include" --advice:power=all --advice:hw_config=all -g --define=__MSP430FR6989__ --diag_warning=225 --display_error_number --diag_wrap=off --silicon_errata=CPU21 --silicon_errata=CPU22 --silicon_errata=CPU40 --printf_support=minimal --preproc_with_compile --preproc_dependency="source/hal_spi.pp" --obj_directory="source"  "../source/hal_spi.c"
"../source/hal_spi.c", line 159: remark #1528-D: (ULP 3.1) Detected flag polling using CHECK_SPI_BUSY. Recommend using an interrupt combined with enter LPMx and ISR
"../source/hal_spi.c", line 165: remark #1528-D: (ULP 3.1) Detected flag polling using UCB0IFG. Recommend using an interrupt combined with enter LPMx and ISR
"../source/hal_spi.c", line 207: remark #1528-D: (ULP 3.1) Detected flag polling using CHECK_SPI_BUSY. Recommend using an interrupt combined with enter LPMx and ISR
"../source/hal_spi.c", line 212: remark #1528-D: (ULP 3.1) Detected flag polling using UCB0IFG. Recommend using an interrupt combined with enter LPMx and ISR
'Finished building: ../source/hal_spi.c'
' '
'Building target: au20xx_flow_sensor.out'
'Invoking: MSP430 Linker'
"C:/ti/ccsv6/tools/compiler/ti-cgt-msp430_4.4.3/bin/cl430" -vmspx --abi=eabi --data_model=restricted --use_hw_mpy=F5 --advice:power=all --advice:hw_config=all -g --define=__MSP430FR6989__ --diag_warning=225 --display_error_number --diag_wrap=off --silicon_errata=CPU21 --silicon_errata=CPU22 --silicon_errata=CPU40 --printf_support=minimal -z -m"au20xx_flow_sensor.map" --heap_size=160 --stack_size=160 --cinit_hold_wdt=on -i"C:/ti/ccsv6/ccs_base/msp430/include" -i"C:/ti/ccsv6/tools/compiler/ti-cgt-msp430_4.4.3/lib" -i"C:/ti/ccsv6/tools/compiler/ti-cgt-msp430_4.4.3/include" -i"C:/ti/ccsv6/ccs_base/msp430/lib/5xx_6xx_FRxx" -i"C:/ti/ccsv6/ccs_base/msp430/lib/FR59xx" --reread_libs --priority --warn_sections --display_error_number --diag_wrap=off --xml_link_info="au20xx_flow_sensor_linkInfo.xml" --use_hw_mpy=F5 --rom_model -o "au20xx_flow_sensor.out" "./main.obj" "./source/hal_gpio.obj" "./source/hal_osc.obj" "./source/hal_spi.obj" "../lnk_msp430fr6989.cmd"  -l"libmath.a" -l"libc.a" 
<Linking>
remark #10371-D: (ULP 1.1) Detected no uses of low power mode state changing instructions
remark #10372-D: (ULP 4.1) Detected uninitialized Port A in this project. Recommend initializing all unused ports to eliminate wasted current consumption on unused pins.
remark #10372-D: (ULP 4.1) Detected uninitialized Port B in this project. Recommend initializing all unused ports to eliminate wasted current consumption on unused pins.
remark #10372-D: (ULP 4.1) Detected uninitialized Port C in this project. Recommend initializing all unused ports to eliminate wasted current consumption on unused pins.
remark #10372-D: (ULP 4.1) Detected uninitialized Port D in this project. Recommend initializing all unused ports to eliminate wasted current consumption on unused pins.
remark #10372-D: (ULP 4.1) Detected uninitialized Port E in this project. Recommend initializing all unused ports to eliminate wasted current consumption on unused pins.
'Finished building target: au20xx_flow_sensor.out'
' '

**** Build Finished ****

**** Clean-only build of configuration Debug for project au20xx_flow_sensor ****

"C:\\ti\\ccs1000\\ccs\\utils\\bin\\gmake" -k clean 
 
DEL /F  "au20xx_flow_sensor.out"  "au20xx_flow_sensor.hex" 
DEL /F "main.pp" "source\hal_gpio.pp" "source\hal_osc.pp" "source\hal_spi.pp" 
DEL /F "main.obj" "source\hal_gpio.obj" "source\hal_osc.obj" "source\hal_spi.obj" 
Finished clean
 

**** Build Finished ****

**** Build of configuration Debug for project au20xx_flow_sensor ****

"C:\\ti\\ccs1000\\ccs\\utils\\bin\\gmake" -k all 
 
Building file: "../main.c"
Invoking: MSP430 Compiler
"C:/ti/ccs1000/ccs/tools/compiler/ti-cgt-msp430_20.2.0.LTS/bin/cl430" -vmspx --abi=eabi --data_model=restricted --use_hw_mpy=F5 --include_path="C:/ti/ccs1000/ccs/ccs_base/msp430/include" --include_path="E:/AuraSemi/au20xx/au20xx_flow_sensor/configs" --include_path="E:/AuraSemi/au20xx/au20xx_flow_sensor/interface" --include_path="C:/ti/ccs1000/ccs/tools/compiler/ti-cgt-msp430_20.2.0.LTS/include" --advice:power=all --advice:hw_config=all -g --define=__MSP430FR6989__ --display_error_number --diag_warning=225 --diag_wrap=off --silicon_errata=CPU21 --silicon_errata=CPU22 --silicon_errata=CPU40 --printf_support=minimal --preproc_with_compile --preproc_dependency="main.d_raw"  "../main.c"
Finished building: "../main.c"
 
Building file: "../source/hal_gpio.c"
Invoking: MSP430 Compiler
"C:/ti/ccs1000/ccs/tools/compiler/ti-cgt-msp430_20.2.0.LTS/bin/cl430" -vmspx --abi=eabi --data_model=restricted --use_hw_mpy=F5 --include_path="C:/ti/ccs1000/ccs/ccs_base/msp430/include" --include_path="E:/AuraSemi/au20xx/au20xx_flow_sensor/configs" --include_path="E:/AuraSemi/au20xx/au20xx_flow_sensor/interface" --include_path="C:/ti/ccs1000/ccs/tools/compiler/ti-cgt-msp430_20.2.0.LTS/include" --advice:power=all --advice:hw_config=all -g --define=__MSP430FR6989__ --display_error_number --diag_warning=225 --diag_wrap=off --silicon_errata=CPU21 --silicon_errata=CPU22 --silicon_errata=CPU40 --printf_support=minimal --preproc_with_compile --preproc_dependency="source/hal_gpio.d_raw" --obj_directory="source"  "../source/hal_gpio.c"
Finished building: "../source/hal_gpio.c"
 
Building file: "../source/hal_osc.c"
Invoking: MSP430 Compiler
"C:/ti/ccs1000/ccs/tools/compiler/ti-cgt-msp430_20.2.0.LTS/bin/cl430" -vmspx --abi=eabi --data_model=restricted --use_hw_mpy=F5 --include_path="C:/ti/ccs1000/ccs/ccs_base/msp430/include" --include_path="E:/AuraSemi/au20xx/au20xx_flow_sensor/configs" --include_path="E:/AuraSemi/au20xx/au20xx_flow_sensor/interface" --include_path="C:/ti/ccs1000/ccs/tools/compiler/ti-cgt-msp430_20.2.0.LTS/include" --advice:power=all --advice:hw_config=all -g --define=__MSP430FR6989__ --display_error_number --diag_warning=225 --diag_wrap=off --silicon_errata=CPU21 --silicon_errata=CPU22 --silicon_errata=CPU40 --printf_support=minimal --preproc_with_compile --preproc_dependency="source/hal_osc.d_raw" --obj_directory="source"  "../source/hal_osc.c"
Finished building: "../source/hal_osc.c"
 
Building file: "../source/hal_spi.c"
Invoking: MSP430 Compiler
"C:/ti/ccs1000/ccs/tools/compiler/ti-cgt-msp430_20.2.0.LTS/bin/cl430" -vmspx --abi=eabi --data_model=restricted --use_hw_mpy=F5 --include_path="C:/ti/ccs1000/ccs/ccs_base/msp430/include" --include_path="E:/AuraSemi/au20xx/au20xx_flow_sensor/configs" --include_path="E:/AuraSemi/au20xx/au20xx_flow_sensor/interface" --include_path="C:/ti/ccs1000/ccs/tools/compiler/ti-cgt-msp430_20.2.0.LTS/include" --advice:power=all --advice:hw_config=all -g --define=__MSP430FR6989__ --display_error_number --diag_warning=225 --diag_wrap=off --silicon_errata=CPU21 --silicon_errata=CPU22 --silicon_errata=CPU40 --printf_support=minimal --preproc_with_compile --preproc_dependency="source/hal_spi.d_raw" --obj_directory="source"  "../source/hal_spi.c"
"../source/hal_spi.c", line 159: remark #1528-D: (ULP 3.1) Detected flag polling using CHECK_SPI_BUSY. Recommend using an interrupt combined with enter LPMx and ISR
"../source/hal_spi.c", line 165: remark #1528-D: (ULP 3.1) Detected flag polling using UCB0IFG. Recommend using an interrupt combined with enter LPMx and ISR
"../source/hal_spi.c", line 207: remark #1528-D: (ULP 3.1) Detected flag polling using CHECK_SPI_BUSY. Recommend using an interrupt combined with enter LPMx and ISR
"../source/hal_spi.c", line 212: remark #1528-D: (ULP 3.1) Detected flag polling using UCB0IFG. Recommend using an interrupt combined with enter LPMx and ISR
Finished building: "../source/hal_spi.c"
 
Building target: "au20xx_flow_sensor.out"
Invoking: MSP430 Linker
"C:/ti/ccs1000/ccs/tools/compiler/ti-cgt-msp430_20.2.0.LTS/bin/cl430" -vmspx --abi=eabi --data_model=restricted --use_hw_mpy=F5 --advice:power=all --advice:hw_config=all -g --define=__MSP430FR6989__ --display_error_number --diag_warning=225 --diag_wrap=off --silicon_errata=CPU21 --silicon_errata=CPU22 --silicon_errata=CPU40 --printf_support=minimal -z -m"au20xx_flow_sensor.map" --stack_size=160 --heap_size=160 --cinit_hold_wdt=on -i"C:/ti/ccs1000/ccs/ccs_base/msp430/include" -i"C:/ti/ccs1000/ccs/tools/compiler/ti-cgt-msp430_20.2.0.LTS/lib" -i"C:/ti/ccs1000/ccs/tools/compiler/ti-cgt-msp430_20.2.0.LTS/include" -i"C:/ti/ccs1000/ccs/ccs_base/msp430/lib/5xx_6xx_FRxx" -i"C:/ti/ccs1000/ccs/ccs_base/msp430/lib/FR59xx" --reread_libs --priority --warn_sections --diag_wrap=off --display_error_number --xml_link_info="au20xx_flow_sensor_linkInfo.xml" --use_hw_mpy=F5 --rom_model -o "au20xx_flow_sensor.out" "./main.obj" "./source/hal_gpio.obj" "./source/hal_osc.obj" "./source/hal_spi.obj" "../lnk_msp430fr6989.cmd"  -llibmath.a -llibc.a 
<Linking>
remark #10371-D: (ULP 1.1) Detected no uses of low power mode state changing instructions
remark #10372-D: (ULP 4.1) Detected uninitialized Port A in this project. Recommend initializing all unused ports to eliminate wasted current consumption on unused pins.
remark #10372-D: (ULP 4.1) Detected uninitialized Port B in this project. Recommend initializing all unused ports to eliminate wasted current consumption on unused pins.
remark #10372-D: (ULP 4.1) Detected uninitialized Port C in this project. Recommend initializing all unused ports to eliminate wasted current consumption on unused pins.
remark #10372-D: (ULP 4.1) Detected uninitialized Port D in this project. Recommend initializing all unused ports to eliminate wasted current consumption on unused pins.
remark #10372-D: (ULP 4.1) Detected uninitialized Port E in this project. Recommend initializing all unused ports to eliminate wasted current consumption on unused pins.
Finished building target: "au20xx_flow_sensor.out"
 

**** Build Finished ****

**** Build of configuration Debug for project au20xx_flow_sensor ****

"C:\\ti\\ccs1000\\ccs\\utils\\bin\\gmake" -k all 
 
Building target: "au20xx_flow_sensor.out"
Invoking: MSP430 Linker
"C:/ti/ccs1000/ccs/tools/compiler/ti-cgt-msp430_20.2.0.LTS/bin/cl430" -vmspx --abi=eabi --data_model=restricted --use_hw_mpy=F5 --advice:power=all --advice:hw_config=all -g --define=__MSP430FR6989__ --display_error_number --diag_warning=225 --diag_wrap=off --silicon_errata=CPU21 --silicon_errata=CPU22 --silicon_errata=CPU40 --printf_support=minimal -z -m"au20xx_flow_sensor.map" --stack_size=160 --heap_size=160 --cinit_hold_wdt=on -i"C:/ti/ccs1000/ccs/ccs_base/msp430/include" -i"C:/ti/ccs1000/ccs/tools/compiler/ti-cgt-msp430_20.2.0.LTS/lib" -i"C:/ti/ccs1000/ccs/tools/compiler/ti-cgt-msp430_20.2.0.LTS/include" -i"C:/ti/ccs1000/ccs/ccs_base/msp430/lib/5xx_6xx_FRxx" -i"C:/ti/ccs1000/ccs/ccs_base/msp430/lib/FR59xx" --reread_libs --priority --warn_sections --diag_wrap=off --display_error_number --xml_link_info="au20xx_flow_sensor_linkInfo.xml" --use_hw_mpy=F5 --rom_model -o "au20xx_flow_sensor.out" "./main.obj" "./source/hal_gpio.obj" "./source/hal_osc.obj" "./source/hal_spi.obj" "../lnk_msp430fr6989.cmd"  -llibmath.a -llibc.a 
<Linking>
remark #10371-D: (ULP 1.1) Detected no uses of low power mode state changing instructions
remark #10372-D: (ULP 4.1) Detected uninitialized Port A in this project. Recommend initializing all unused ports to eliminate wasted current consumption on unused pins.
remark #10372-D: (ULP 4.1) Detected uninitialized Port B in this project. Recommend initializing all unused ports to eliminate wasted current consumption on unused pins.
remark #10372-D: (ULP 4.1) Detected uninitialized Port C in this project. Recommend initializing all unused ports to eliminate wasted current consumption on unused pins.
remark #10372-D: (ULP 4.1) Detected uninitialized Port D in this project. Recommend initializing all unused ports to eliminate wasted current consumption on unused pins.
remark #10372-D: (ULP 4.1) Detected uninitialized Port E in this project. Recommend initializing all unused ports to eliminate wasted current consumption on unused pins.
Finished building target: "au20xx_flow_sensor.out"
 

**** Build Finished ****

**** Build of configuration Debug for project au20xx_flow_sensor ****

"C:\\ti\\ccs1000\\ccs\\utils\\bin\\gmake" -k all 
 
Building file: "../au20xx_api/au20xx_api.c"
Invoking: MSP430 Compiler
"C:/ti/ccs1000/ccs/tools/compiler/ti-cgt-msp430_20.2.0.LTS/bin/cl430" -vmspx --abi=eabi --data_model=restricted --use_hw_mpy=F5 --include_path="C:/ti/ccs1000/ccs/ccs_base/msp430/include" --include_path="E:/AuraSemi/au20xx/au20xx_flow_sensor/configs" --include_path="E:/AuraSemi/au20xx/au20xx_flow_sensor/interface" --include_path="C:/ti/ccs1000/ccs/tools/compiler/ti-cgt-msp430_20.2.0.LTS/include" --advice:power=all --advice:hw_config=all -g --define=__MSP430FR6989__ --display_error_number --diag_warning=225 --diag_wrap=off --silicon_errata=CPU21 --silicon_errata=CPU22 --silicon_errata=CPU40 --printf_support=minimal --preproc_with_compile --preproc_dependency="au20xx_api/au20xx_api.d_raw" --obj_directory="au20xx_api"  "../au20xx_api/au20xx_api.c"
 
>> Compilation failure
au20xx_api/subdir_rules.mk:9: recipe for target 'au20xx_api/au20xx_api.obj' failed
"..\au20xx_api\au20xx_api.h", line 43: fatal error #13: expected a file name
1 catastrophic error detected in the compilation of "../au20xx_api/au20xx_api.c".
Compilation terminated.
gmake: *** [au20xx_api/au20xx_api.obj] Error 1
Building file: "../source/common.c"
Invoking: MSP430 Compiler
"C:/ti/ccs1000/ccs/tools/compiler/ti-cgt-msp430_20.2.0.LTS/bin/cl430" -vmspx --abi=eabi --data_model=restricted --use_hw_mpy=F5 --include_path="C:/ti/ccs1000/ccs/ccs_base/msp430/include" --include_path="E:/AuraSemi/au20xx/au20xx_flow_sensor/configs" --include_path="E:/AuraSemi/au20xx/au20xx_flow_sensor/interface" --include_path="C:/ti/ccs1000/ccs/tools/compiler/ti-cgt-msp430_20.2.0.LTS/include" --advice:power=all --advice:hw_config=all -g --define=__MSP430FR6989__ --display_error_number --diag_warning=225 --diag_wrap=off --silicon_errata=CPU21 --silicon_errata=CPU22 --silicon_errata=CPU40 --printf_support=minimal --preproc_with_compile --preproc_dependency="source/common.d_raw" --obj_directory="source"  "../source/common.c"
 
>> Compilation failure
source/subdir_rules.mk:9: recipe for target 'source/common.obj' failed
"../source/common.c", line 100: error #66: expected a ";"
"../source/common.c", line 99: warning #179-D: variable "i" was declared but never referenced
"../source/common.c", line 99: remark #1535-D: (ULP 8.1) variable "i" is used as a constant. Recommend declaring variable as either 'static const' or 'const'
1 error detected in the compilation of "../source/common.c".
gmake: *** [source/common.obj] Error 1
Building file: "../source/hal_spi.c"
Invoking: MSP430 Compiler
"C:/ti/ccs1000/ccs/tools/compiler/ti-cgt-msp430_20.2.0.LTS/bin/cl430" -vmspx --abi=eabi --data_model=restricted --use_hw_mpy=F5 --include_path="C:/ti/ccs1000/ccs/ccs_base/msp430/include" --include_path="E:/AuraSemi/au20xx/au20xx_flow_sensor/configs" --include_path="E:/AuraSemi/au20xx/au20xx_flow_sensor/interface" --include_path="C:/ti/ccs1000/ccs/tools/compiler/ti-cgt-msp430_20.2.0.LTS/include" --advice:power=all --advice:hw_config=all -g --define=__MSP430FR6989__ --display_error_number --diag_warning=225 --diag_wrap=off --silicon_errata=CPU21 --silicon_errata=CPU22 --silicon_errata=CPU40 --printf_support=minimal --preproc_with_compile --preproc_dependency="source/hal_spi.d_raw" --obj_directory="source"  "../source/hal_spi.c"
"../source/hal_spi.c", line 159: remark #1528-D: (ULP 3.1) Detected flag polling using CHECK_SPI_BUSY. Recommend using an interrupt combined with enter LPMx and ISR
"../source/hal_spi.c", line 165: remark #1528-D: (ULP 3.1) Detected flag polling using UCB0IFG. Recommend using an interrupt combined with enter LPMx and ISR
"../source/hal_spi.c", line 207: remark #1528-D: (ULP 3.1) Detected flag polling using CHECK_SPI_BUSY. Recommend using an interrupt combined with enter LPMx and ISR
"../source/hal_spi.c", line 212: remark #1528-D: (ULP 3.1) Detected flag polling using UCB0IFG. Recommend using an interrupt combined with enter LPMx and ISR
Finished building: "../source/hal_spi.c"
 
Building file: "../source/hal_timer.c"
Invoking: MSP430 Compiler
"C:/ti/ccs1000/ccs/tools/compiler/ti-cgt-msp430_20.2.0.LTS/bin/cl430" -vmspx --abi=eabi --data_model=restricted --use_hw_mpy=F5 --include_path="C:/ti/ccs1000/ccs/ccs_base/msp430/include" --include_path="E:/AuraSemi/au20xx/au20xx_flow_sensor/configs" --include_path="E:/AuraSemi/au20xx/au20xx_flow_sensor/interface" --include_path="C:/ti/ccs1000/ccs/tools/compiler/ti-cgt-msp430_20.2.0.LTS/include" --advice:power=all --advice:hw_config=all -g --define=__MSP430FR6989__ --display_error_number --diag_warning=225 --diag_wrap=off --silicon_errata=CPU21 --silicon_errata=CPU22 --silicon_errata=CPU40 --printf_support=minimal --preproc_with_compile --preproc_dependency="source/hal_timer.d_raw" --obj_directory="source"  "../source/hal_timer.c"
Finished building: "../source/hal_timer.c"
 
gmake: Target 'all' not remade because of errors.

**** Build Finished ****

**** Build of configuration Debug for project au20xx_flow_sensor ****

"C:\\ti\\ccs1000\\ccs\\utils\\bin\\gmake" -k all 
 
Building file: "../au20xx_api/au20xx_api.c"
Invoking: MSP430 Compiler
"C:/ti/ccs1000/ccs/tools/compiler/ti-cgt-msp430_20.2.0.LTS/bin/cl430" -vmspx --abi=eabi --data_model=restricted --use_hw_mpy=F5 --include_path="C:/ti/ccs1000/ccs/ccs_base/msp430/include" --include_path="E:/AuraSemi/au20xx/au20xx_flow_sensor/configs" --include_path="E:/AuraSemi/au20xx/au20xx_flow_sensor/interface" --include_path="C:/ti/ccs1000/ccs/tools/compiler/ti-cgt-msp430_20.2.0.LTS/include" --advice:power=all --advice:hw_config=all -g --define=__MSP430FR6989__ --display_error_number --diag_warning=225 --diag_wrap=off --silicon_errata=CPU21 --silicon_errata=CPU22 --silicon_errata=CPU40 --printf_support=minimal --preproc_with_compile --preproc_dependency="au20xx_api/au20xx_api.d_raw" --obj_directory="au20xx_api"  "../au20xx_api/au20xx_api.c"
 
>> Compilation failure
au20xx_api/subdir_rules.mk:9: recipe for target 'au20xx_api/au20xx_api.obj' failed
"../au20xx_api/au20xx_api.c", line 104: error #20: identifier "RESET_AU20XX" is undefined
"../au20xx_api/au20xx_api.c", line 105: error #20: identifier "DISABLE_CS" is undefined
2 errors detected in the compilation of "../au20xx_api/au20xx_api.c".
gmake: *** [au20xx_api/au20xx_api.obj] Error 1
Building file: "../source/common.c"
Invoking: MSP430 Compiler
"C:/ti/ccs1000/ccs/tools/compiler/ti-cgt-msp430_20.2.0.LTS/bin/cl430" -vmspx --abi=eabi --data_model=restricted --use_hw_mpy=F5 --include_path="C:/ti/ccs1000/ccs/ccs_base/msp430/include" --include_path="E:/AuraSemi/au20xx/au20xx_flow_sensor/configs" --include_path="E:/AuraSemi/au20xx/au20xx_flow_sensor/interface" --include_path="C:/ti/ccs1000/ccs/tools/compiler/ti-cgt-msp430_20.2.0.LTS/include" --advice:power=all --advice:hw_config=all -g --define=__MSP430FR6989__ --display_error_number --diag_warning=225 --diag_wrap=off --silicon_errata=CPU21 --silicon_errata=CPU22 --silicon_errata=CPU40 --printf_support=minimal --preproc_with_compile --preproc_dependency="source/common.d_raw" --obj_directory="source"  "../source/common.c"
"../source/common.c", line 100: remark #1544-D: (ULP 13.1) Detected loop counting up. Recommend loops count down as detecting zeros is easier
"../source/common.c", line 100: remark #1527-D: (ULP 2.1) Detected SW delay loop using __no_operation. Recommend using a timer module instead
Finished building: "../source/common.c"
 
gmake: Target 'all' not remade because of errors.

**** Build Finished ****

**** Build of configuration Debug for project au20xx_flow_sensor ****

"C:\\ti\\ccs1000\\ccs\\utils\\bin\\gmake" -k all 
 
Building file: "../au20xx_api/au20xx_api.c"
Invoking: MSP430 Compiler
"C:/ti/ccs1000/ccs/tools/compiler/ti-cgt-msp430_20.2.0.LTS/bin/cl430" -vmspx --abi=eabi --data_model=restricted --use_hw_mpy=F5 --include_path="C:/ti/ccs1000/ccs/ccs_base/msp430/include" --include_path="E:/AuraSemi/au20xx/au20xx_flow_sensor/configs" --include_path="E:/AuraSemi/au20xx/au20xx_flow_sensor/interface" --include_path="C:/ti/ccs1000/ccs/tools/compiler/ti-cgt-msp430_20.2.0.LTS/include" --advice:power=all --advice:hw_config=all -g --define=__MSP430FR6989__ --display_error_number --diag_warning=225 --diag_wrap=off --silicon_errata=CPU21 --silicon_errata=CPU22 --silicon_errata=CPU40 --printf_support=minimal --preproc_with_compile --preproc_dependency="au20xx_api/au20xx_api.d_raw" --obj_directory="au20xx_api"  "../au20xx_api/au20xx_api.c"
"../au20xx_api/au20xx_api.c", line 105: warning #169-D: argument of type "int" is incompatible with parameter of type "uint8_t *"
"../au20xx_api/au20xx_api.c", line 105: warning #154-D: conversion of nonzero integer to pointer
Finished building: "../au20xx_api/au20xx_api.c"
 
Building target: "au20xx_flow_sensor.out"
Invoking: MSP430 Linker
"C:/ti/ccs1000/ccs/tools/compiler/ti-cgt-msp430_20.2.0.LTS/bin/cl430" -vmspx --abi=eabi --data_model=restricted --use_hw_mpy=F5 --advice:power=all --advice:hw_config=all -g --define=__MSP430FR6989__ --display_error_number --diag_warning=225 --diag_wrap=off --silicon_errata=CPU21 --silicon_errata=CPU22 --silicon_errata=CPU40 --printf_support=minimal -z -m"au20xx_flow_sensor.map" --stack_size=160 --heap_size=160 --cinit_hold_wdt=on -i"C:/ti/ccs1000/ccs/ccs_base/msp430/include" -i"C:/ti/ccs1000/ccs/tools/compiler/ti-cgt-msp430_20.2.0.LTS/lib" -i"C:/ti/ccs1000/ccs/tools/compiler/ti-cgt-msp430_20.2.0.LTS/include" -i"C:/ti/ccs1000/ccs/ccs_base/msp430/lib/5xx_6xx_FRxx" -i"C:/ti/ccs1000/ccs/ccs_base/msp430/lib/FR59xx" --reread_libs --priority --warn_sections --diag_wrap=off --display_error_number --xml_link_info="au20xx_flow_sensor_linkInfo.xml" --use_hw_mpy=F5 --rom_model -o "au20xx_flow_sensor.out" "./main.obj" "./au20xx_api/au20xx_api.obj" "./source/common.obj" "./source/hal_gpio.obj" "./source/hal_osc.obj" "./source/hal_spi.obj" "./source/hal_timer.obj" "../lnk_msp430fr6989.cmd"  -llibmath.a -llibc.a 
<Linking>
remark #10371-D: (ULP 1.1) Detected no uses of low power mode state changing instructions
remark #10372-D: (ULP 4.1) Detected uninitialized Port A in this project. Recommend initializing all unused ports to eliminate wasted current consumption on unused pins.
remark #10372-D: (ULP 4.1) Detected uninitialized Port B in this project. Recommend initializing all unused ports to eliminate wasted current consumption on unused pins.
remark #10372-D: (ULP 4.1) Detected uninitialized Port C in this project. Recommend initializing all unused ports to eliminate wasted current consumption on unused pins.
remark #10372-D: (ULP 4.1) Detected uninitialized Port D in this project. Recommend initializing all unused ports to eliminate wasted current consumption on unused pins.
remark #10372-D: (ULP 4.1) Detected uninitialized Port E in this project. Recommend initializing all unused ports to eliminate wasted current consumption on unused pins.
Finished building target: "au20xx_flow_sensor.out"
 

**** Build Finished ****

**** Build of configuration Debug for project au20xx_flow_sensor ****

"C:\\ti\\ccs1000\\ccs\\utils\\bin\\gmake" -k all 
 
Building file: "../au20xx_api/au20xx_api.c"
Invoking: MSP430 Compiler
"C:/ti/ccs1000/ccs/tools/compiler/ti-cgt-msp430_20.2.0.LTS/bin/cl430" -vmspx --abi=eabi --data_model=restricted --use_hw_mpy=F5 --include_path="C:/ti/ccs1000/ccs/ccs_base/msp430/include" --include_path="E:/AuraSemi/au20xx/au20xx_flow_sensor/configs" --include_path="E:/AuraSemi/au20xx/au20xx_flow_sensor/interface" --include_path="C:/ti/ccs1000/ccs/tools/compiler/ti-cgt-msp430_20.2.0.LTS/include" --advice:power=all --advice:hw_config=all -g --define=__MSP430FR6989__ --display_error_number --diag_warning=225 --diag_wrap=off --silicon_errata=CPU21 --silicon_errata=CPU22 --silicon_errata=CPU40 --printf_support=minimal --preproc_with_compile --preproc_dependency="au20xx_api/au20xx_api.d_raw" --obj_directory="au20xx_api"  "../au20xx_api/au20xx_api.c"
Finished building: "../au20xx_api/au20xx_api.c"
 
Building target: "au20xx_flow_sensor.out"
Invoking: MSP430 Linker
"C:/ti/ccs1000/ccs/tools/compiler/ti-cgt-msp430_20.2.0.LTS/bin/cl430" -vmspx --abi=eabi --data_model=restricted --use_hw_mpy=F5 --advice:power=all --advice:hw_config=all -g --define=__MSP430FR6989__ --display_error_number --diag_warning=225 --diag_wrap=off --silicon_errata=CPU21 --silicon_errata=CPU22 --silicon_errata=CPU40 --printf_support=minimal -z -m"au20xx_flow_sensor.map" --stack_size=160 --heap_size=160 --cinit_hold_wdt=on -i"C:/ti/ccs1000/ccs/ccs_base/msp430/include" -i"C:/ti/ccs1000/ccs/tools/compiler/ti-cgt-msp430_20.2.0.LTS/lib" -i"C:/ti/ccs1000/ccs/tools/compiler/ti-cgt-msp430_20.2.0.LTS/include" -i"C:/ti/ccs1000/ccs/ccs_base/msp430/lib/5xx_6xx_FRxx" -i"C:/ti/ccs1000/ccs/ccs_base/msp430/lib/FR59xx" --reread_libs --priority --warn_sections --diag_wrap=off --display_error_number --xml_link_info="au20xx_flow_sensor_linkInfo.xml" --use_hw_mpy=F5 --rom_model -o "au20xx_flow_sensor.out" "./main.obj" "./au20xx_api/au20xx_api.obj" "./source/common.obj" "./source/hal_gpio.obj" "./source/hal_osc.obj" "./source/hal_spi.obj" "./source/hal_timer.obj" "../lnk_msp430fr6989.cmd"  -llibmath.a -llibc.a 
<Linking>
remark #10371-D: (ULP 1.1) Detected no uses of low power mode state changing instructions
remark #10372-D: (ULP 4.1) Detected uninitialized Port A in this project. Recommend initializing all unused ports to eliminate wasted current consumption on unused pins.
remark #10372-D: (ULP 4.1) Detected uninitialized Port B in this project. Recommend initializing all unused ports to eliminate wasted current consumption on unused pins.
remark #10372-D: (ULP 4.1) Detected uninitialized Port C in this project. Recommend initializing all unused ports to eliminate wasted current consumption on unused pins.
remark #10372-D: (ULP 4.1) Detected uninitialized Port D in this project. Recommend initializing all unused ports to eliminate wasted current consumption on unused pins.
remark #10372-D: (ULP 4.1) Detected uninitialized Port E in this project. Recommend initializing all unused ports to eliminate wasted current consumption on unused pins.
Finished building target: "au20xx_flow_sensor.out"
 

**** Build Finished ****

**** Build of configuration Debug for project au20xx_flow_sensor ****

"C:\\ti\\ccs1000\\ccs\\utils\\bin\\gmake" -k all 
 
Building file: "../au20xx_api/au20xx_api.c"
Invoking: MSP430 Compiler
"C:/ti/ccs1000/ccs/tools/compiler/ti-cgt-msp430_20.2.0.LTS/bin/cl430" -vmspx --abi=eabi --data_model=restricted --use_hw_mpy=F5 --include_path="C:/ti/ccs1000/ccs/ccs_base/msp430/include" --include_path="E:/AuraSemi/au20xx/au20xx_flow_sensor/configs" --include_path="E:/AuraSemi/au20xx/au20xx_flow_sensor/interface" --include_path="C:/ti/ccs1000/ccs/tools/compiler/ti-cgt-msp430_20.2.0.LTS/include" --advice:power=all --advice:hw_config=all -g --define=__MSP430FR6989__ --display_error_number --diag_warning=225 --diag_wrap=off --silicon_errata=CPU21 --silicon_errata=CPU22 --silicon_errata=CPU40 --printf_support=minimal --preproc_with_compile --preproc_dependency="au20xx_api/au20xx_api.d_raw" --obj_directory="au20xx_api"  "../au20xx_api/au20xx_api.c"
 
>> Compilation failure
au20xx_api/subdir_rules.mk:9: recipe for target 'au20xx_api/au20xx_api.obj' failed
"../au20xx_api/au20xx_api.c", line 193: warning #169-D: argument of type "uint16_t *" is incompatible with parameter of type "uint8_t *"
"../au20xx_api/au20xx_api.c", line 195: error #66: expected a ";"
1 error detected in the compilation of "../au20xx_api/au20xx_api.c".
gmake: *** [au20xx_api/au20xx_api.obj] Error 1
Building file: "../source/hal_spi.c"
Invoking: MSP430 Compiler
"C:/ti/ccs1000/ccs/tools/compiler/ti-cgt-msp430_20.2.0.LTS/bin/cl430" -vmspx --abi=eabi --data_model=restricted --use_hw_mpy=F5 --include_path="C:/ti/ccs1000/ccs/ccs_base/msp430/include" --include_path="E:/AuraSemi/au20xx/au20xx_flow_sensor/configs" --include_path="E:/AuraSemi/au20xx/au20xx_flow_sensor/interface" --include_path="C:/ti/ccs1000/ccs/tools/compiler/ti-cgt-msp430_20.2.0.LTS/include" --advice:power=all --advice:hw_config=all -g --define=__MSP430FR6989__ --display_error_number --diag_warning=225 --diag_wrap=off --silicon_errata=CPU21 --silicon_errata=CPU22 --silicon_errata=CPU40 --printf_support=minimal --preproc_with_compile --preproc_dependency="source/hal_spi.d_raw" --obj_directory="source"  "../source/hal_spi.c"
 
>> Compilation failure
source/subdir_rules.mk:9: recipe for target 'source/hal_spi.obj' failed
"../source/hal_spi.c", line 159: remark #1528-D: (ULP 3.1) Detected flag polling using CHECK_SPI_BUSY. Recommend using an interrupt combined with enter LPMx and ISR
"../source/hal_spi.c", line 165: remark #1528-D: (ULP 3.1) Detected flag polling using UCB0IFG. Recommend using an interrupt combined with enter LPMx and ISR
"../source/hal_spi.c", line 207: remark #1528-D: (ULP 3.1) Detected flag polling using CHECK_SPI_BUSY. Recommend using an interrupt combined with enter LPMx and ISR
"../source/hal_spi.c", line 212: remark #1528-D: (ULP 3.1) Detected flag polling using UCB0IFG. Recommend using an interrupt combined with enter LPMx and ISR
"../source/hal_spi.c", line 257: error #148: declaration is incompatible with "void spi_write(uint8_t *, uint16_t)" (declared at line 118 of "E:/AuraSemi/au20xx/au20xx_flow_sensor/interface/hal_spi_ucsi.h")
"../source/hal_spi.c", line 265: error #169: argument of type "void" is incompatible with parameter of type "uint8_t"
"../source/hal_spi.c", line 266: warning #1219-D: arithmetic on pointer to void or function type
"../source/hal_spi.c", line 260: warning #552-D: variable "p_data" was set but never used
2 errors detected in the compilation of "../source/hal_spi.c".
gmake: *** [source/hal_spi.obj] Error 1
gmake: Target 'all' not remade because of errors.

**** Build Finished ****

**** Build of configuration Debug for project au20xx_flow_sensor ****

"C:\\ti\\ccs1000\\ccs\\utils\\bin\\gmake" -k all 
 
Building file: "../au20xx_api/au20xx_api.c"
Invoking: MSP430 Compiler
"C:/ti/ccs1000/ccs/tools/compiler/ti-cgt-msp430_20.2.0.LTS/bin/cl430" -vmspx --abi=eabi --data_model=restricted --use_hw_mpy=F5 --include_path="C:/ti/ccs1000/ccs/ccs_base/msp430/include" --include_path="E:/AuraSemi/au20xx/au20xx_flow_sensor/configs" --include_path="E:/AuraSemi/au20xx/au20xx_flow_sensor/interface" --include_path="C:/ti/ccs1000/ccs/tools/compiler/ti-cgt-msp430_20.2.0.LTS/include" --advice:power=all --advice:hw_config=all -g --define=__MSP430FR6989__ --display_error_number --diag_warning=225 --diag_wrap=off --silicon_errata=CPU21 --silicon_errata=CPU22 --silicon_errata=CPU40 --printf_support=minimal --preproc_with_compile --preproc_dependency="au20xx_api/au20xx_api.d_raw" --obj_directory="au20xx_api"  "../au20xx_api/au20xx_api.c"
 
>> Compilation failure
au20xx_api/subdir_rules.mk:9: recipe for target 'au20xx_api/au20xx_api.obj' failed
"../au20xx_api/au20xx_api.c", line 195: error #66: expected a ";"
1 error detected in the compilation of "../au20xx_api/au20xx_api.c".
gmake: *** [au20xx_api/au20xx_api.obj] Error 1
Building file: "../source/hal_spi.c"
Invoking: MSP430 Compiler
"C:/ti/ccs1000/ccs/tools/compiler/ti-cgt-msp430_20.2.0.LTS/bin/cl430" -vmspx --abi=eabi --data_model=restricted --use_hw_mpy=F5 --include_path="C:/ti/ccs1000/ccs/ccs_base/msp430/include" --include_path="E:/AuraSemi/au20xx/au20xx_flow_sensor/configs" --include_path="E:/AuraSemi/au20xx/au20xx_flow_sensor/interface" --include_path="C:/ti/ccs1000/ccs/tools/compiler/ti-cgt-msp430_20.2.0.LTS/include" --advice:power=all --advice:hw_config=all -g --define=__MSP430FR6989__ --display_error_number --diag_warning=225 --diag_wrap=off --silicon_errata=CPU21 --silicon_errata=CPU22 --silicon_errata=CPU40 --printf_support=minimal --preproc_with_compile --preproc_dependency="source/hal_spi.d_raw" --obj_directory="source"  "../source/hal_spi.c"
 
>> Compilation failure
source/subdir_rules.mk:9: recipe for target 'source/hal_spi.obj' failed
"../source/hal_spi.c", line 159: remark #1528-D: (ULP 3.1) Detected flag polling using CHECK_SPI_BUSY. Recommend using an interrupt combined with enter LPMx and ISR
"../source/hal_spi.c", line 165: remark #1528-D: (ULP 3.1) Detected flag polling using UCB0IFG. Recommend using an interrupt combined with enter LPMx and ISR
"../source/hal_spi.c", line 207: remark #1528-D: (ULP 3.1) Detected flag polling using CHECK_SPI_BUSY. Recommend using an interrupt combined with enter LPMx and ISR
"../source/hal_spi.c", line 212: remark #1528-D: (ULP 3.1) Detected flag polling using UCB0IFG. Recommend using an interrupt combined with enter LPMx and ISR
"../source/hal_spi.c", line 265: error #169: argument of type "void" is incompatible with parameter of type "uint8_t"
"../source/hal_spi.c", line 266: warning #1219-D: arithmetic on pointer to void or function type
"../source/hal_spi.c", line 260: warning #552-D: variable "p_data" was set but never used
"../source/hal_spi.c", line 321: warning #1219-D: arithmetic on pointer to void or function type
"../source/hal_spi.c", line 321: error #138: expression must be a modifiable lvalue
"../source/hal_spi.c", line 316: warning #552-D: variable "p_data" was set but never used
2 errors detected in the compilation of "../source/hal_spi.c".
gmake: *** [source/hal_spi.obj] Error 1
gmake: Target 'all' not remade because of errors.

**** Build Finished ****

**** Build of configuration Debug for project au20xx_flow_sensor ****

"C:\\ti\\ccs1000\\ccs\\utils\\bin\\gmake" -k all 
 
Building file: "../au20xx_api/au20xx_api.c"
Invoking: MSP430 Compiler
"C:/ti/ccs1000/ccs/tools/compiler/ti-cgt-msp430_20.2.0.LTS/bin/cl430" -vmspx --abi=eabi --data_model=restricted --use_hw_mpy=F5 --include_path="C:/ti/ccs1000/ccs/ccs_base/msp430/include" --include_path="E:/AuraSemi/au20xx/au20xx_flow_sensor/configs" --include_path="E:/AuraSemi/au20xx/au20xx_flow_sensor/interface" --include_path="C:/ti/ccs1000/ccs/tools/compiler/ti-cgt-msp430_20.2.0.LTS/include" --advice:power=all --advice:hw_config=all -g --define=__MSP430FR6989__ --display_error_number --diag_warning=225 --diag_wrap=off --silicon_errata=CPU21 --silicon_errata=CPU22 --silicon_errata=CPU40 --printf_support=minimal --preproc_with_compile --preproc_dependency="au20xx_api/au20xx_api.d_raw" --obj_directory="au20xx_api"  "../au20xx_api/au20xx_api.c"
 
>> Compilation failure
au20xx_api/subdir_rules.mk:9: recipe for target 'au20xx_api/au20xx_api.obj' failed
"../au20xx_api/au20xx_api.c", line 195: error #66: expected a ";"
1 error detected in the compilation of "../au20xx_api/au20xx_api.c".
gmake: *** [au20xx_api/au20xx_api.obj] Error 1
Building file: "../source/hal_spi.c"
Invoking: MSP430 Compiler
"C:/ti/ccs1000/ccs/tools/compiler/ti-cgt-msp430_20.2.0.LTS/bin/cl430" -vmspx --abi=eabi --data_model=restricted --use_hw_mpy=F5 --include_path="C:/ti/ccs1000/ccs/ccs_base/msp430/include" --include_path="E:/AuraSemi/au20xx/au20xx_flow_sensor/configs" --include_path="E:/AuraSemi/au20xx/au20xx_flow_sensor/interface" --include_path="C:/ti/ccs1000/ccs/tools/compiler/ti-cgt-msp430_20.2.0.LTS/include" --advice:power=all --advice:hw_config=all -g --define=__MSP430FR6989__ --display_error_number --diag_warning=225 --diag_wrap=off --silicon_errata=CPU21 --silicon_errata=CPU22 --silicon_errata=CPU40 --printf_support=minimal --preproc_with_compile --preproc_dependency="source/hal_spi.d_raw" --obj_directory="source"  "../source/hal_spi.c"
"../source/hal_spi.c", line 159: remark #1528-D: (ULP 3.1) Detected flag polling using CHECK_SPI_BUSY. Recommend using an interrupt combined with enter LPMx and ISR
"../source/hal_spi.c", line 165: remark #1528-D: (ULP 3.1) Detected flag polling using UCB0IFG. Recommend using an interrupt combined with enter LPMx and ISR
"../source/hal_spi.c", line 207: remark #1528-D: (ULP 3.1) Detected flag polling using CHECK_SPI_BUSY. Recommend using an interrupt combined with enter LPMx and ISR
"../source/hal_spi.c", line 212: remark #1528-D: (ULP 3.1) Detected flag polling using UCB0IFG. Recommend using an interrupt combined with enter LPMx and ISR
Finished building: "../source/hal_spi.c"
 
gmake: Target 'all' not remade because of errors.

**** Build Finished ****

**** Build of configuration Debug for project au20xx_flow_sensor ****

"C:\\ti\\ccs1000\\ccs\\utils\\bin\\gmake" -k all 
 
Building file: "../au20xx_api/au20xx_api.c"
Invoking: MSP430 Compiler
"C:/ti/ccs1000/ccs/tools/compiler/ti-cgt-msp430_20.2.0.LTS/bin/cl430" -vmspx --abi=eabi --data_model=restricted --use_hw_mpy=F5 --include_path="C:/ti/ccs1000/ccs/ccs_base/msp430/include" --include_path="E:/AuraSemi/au20xx/au20xx_flow_sensor/configs" --include_path="E:/AuraSemi/au20xx/au20xx_flow_sensor/interface" --include_path="C:/ti/ccs1000/ccs/tools/compiler/ti-cgt-msp430_20.2.0.LTS/include" --advice:power=all --advice:hw_config=all -g --define=__MSP430FR6989__ --display_error_number --diag_warning=225 --diag_wrap=off --silicon_errata=CPU21 --silicon_errata=CPU22 --silicon_errata=CPU40 --printf_support=minimal --preproc_with_compile --preproc_dependency="au20xx_api/au20xx_api.d_raw" --obj_directory="au20xx_api"  "../au20xx_api/au20xx_api.c"
Finished building: "../au20xx_api/au20xx_api.c"
 
Building target: "au20xx_flow_sensor.out"
Invoking: MSP430 Linker
"C:/ti/ccs1000/ccs/tools/compiler/ti-cgt-msp430_20.2.0.LTS/bin/cl430" -vmspx --abi=eabi --data_model=restricted --use_hw_mpy=F5 --advice:power=all --advice:hw_config=all -g --define=__MSP430FR6989__ --display_error_number --diag_warning=225 --diag_wrap=off --silicon_errata=CPU21 --silicon_errata=CPU22 --silicon_errata=CPU40 --printf_support=minimal -z -m"au20xx_flow_sensor.map" --stack_size=160 --heap_size=160 --cinit_hold_wdt=on -i"C:/ti/ccs1000/ccs/ccs_base/msp430/include" -i"C:/ti/ccs1000/ccs/tools/compiler/ti-cgt-msp430_20.2.0.LTS/lib" -i"C:/ti/ccs1000/ccs/tools/compiler/ti-cgt-msp430_20.2.0.LTS/include" -i"C:/ti/ccs1000/ccs/ccs_base/msp430/lib/5xx_6xx_FRxx" -i"C:/ti/ccs1000/ccs/ccs_base/msp430/lib/FR59xx" --reread_libs --priority --warn_sections --diag_wrap=off --display_error_number --xml_link_info="au20xx_flow_sensor_linkInfo.xml" --use_hw_mpy=F5 --rom_model -o "au20xx_flow_sensor.out" "./main.obj" "./au20xx_api/au20xx_api.obj" "./source/common.obj" "./source/hal_gpio.obj" "./source/hal_osc.obj" "./source/hal_spi.obj" "./source/hal_timer.obj" "../lnk_msp430fr6989.cmd"  -llibmath.a -llibc.a 
<Linking>
remark #10371-D: (ULP 1.1) Detected no uses of low power mode state changing instructions
remark #10372-D: (ULP 4.1) Detected uninitialized Port A in this project. Recommend initializing all unused ports to eliminate wasted current consumption on unused pins.
remark #10372-D: (ULP 4.1) Detected uninitialized Port B in this project. Recommend initializing all unused ports to eliminate wasted current consumption on unused pins.
remark #10372-D: (ULP 4.1) Detected uninitialized Port C in this project. Recommend initializing all unused ports to eliminate wasted current consumption on unused pins.
remark #10372-D: (ULP 4.1) Detected uninitialized Port D in this project. Recommend initializing all unused ports to eliminate wasted current consumption on unused pins.
remark #10372-D: (ULP 4.1) Detected uninitialized Port E in this project. Recommend initializing all unused ports to eliminate wasted current consumption on unused pins.
Finished building target: "au20xx_flow_sensor.out"
 

**** Build Finished ****

**** Build of configuration Debug for project au20xx_flow_sensor ****

"C:\\ti\\ccs1000\\ccs\\utils\\bin\\gmake" -k all 
 
Building file: "../au20xx_api/au20xx_api.c"
Invoking: MSP430 Compiler
"C:/ti/ccs1000/ccs/tools/compiler/ti-cgt-msp430_20.2.0.LTS/bin/cl430" -vmspx --abi=eabi --data_model=restricted --use_hw_mpy=F5 --include_path="C:/ti/ccs1000/ccs/ccs_base/msp430/include" --include_path="E:/AuraSemi/au20xx/au20xx_flow_sensor/configs" --include_path="E:/AuraSemi/au20xx/au20xx_flow_sensor/interface" --include_path="C:/ti/ccs1000/ccs/tools/compiler/ti-cgt-msp430_20.2.0.LTS/include" --advice:power=all --advice:hw_config=all -g --define=__MSP430FR6989__ --display_error_number --diag_warning=225 --diag_wrap=off --silicon_errata=CPU21 --silicon_errata=CPU22 --silicon_errata=CPU40 --printf_support=minimal --preproc_with_compile --preproc_dependency="au20xx_api/au20xx_api.d_raw" --obj_directory="au20xx_api"  "../au20xx_api/au20xx_api.c"
Finished building: "../au20xx_api/au20xx_api.c"
 
Building target: "au20xx_flow_sensor.out"
Invoking: MSP430 Linker
"C:/ti/ccs1000/ccs/tools/compiler/ti-cgt-msp430_20.2.0.LTS/bin/cl430" -vmspx --abi=eabi --data_model=restricted --use_hw_mpy=F5 --advice:power=all --advice:hw_config=all -g --define=__MSP430FR6989__ --display_error_number --diag_warning=225 --diag_wrap=off --silicon_errata=CPU21 --silicon_errata=CPU22 --silicon_errata=CPU40 --printf_support=minimal -z -m"au20xx_flow_sensor.map" --stack_size=160 --heap_size=160 --cinit_hold_wdt=on -i"C:/ti/ccs1000/ccs/ccs_base/msp430/include" -i"C:/ti/ccs1000/ccs/tools/compiler/ti-cgt-msp430_20.2.0.LTS/lib" -i"C:/ti/ccs1000/ccs/tools/compiler/ti-cgt-msp430_20.2.0.LTS/include" -i"C:/ti/ccs1000/ccs/ccs_base/msp430/lib/5xx_6xx_FRxx" -i"C:/ti/ccs1000/ccs/ccs_base/msp430/lib/FR59xx" --reread_libs --priority --warn_sections --diag_wrap=off --display_error_number --xml_link_info="au20xx_flow_sensor_linkInfo.xml" --use_hw_mpy=F5 --rom_model -o "au20xx_flow_sensor.out" "./main.obj" "./au20xx_api/au20xx_api.obj" "./source/common.obj" "./source/hal_gpio.obj" "./source/hal_osc.obj" "./source/hal_spi.obj" "./source/hal_timer.obj" "../lnk_msp430fr6989.cmd"  -llibmath.a -llibc.a 
<Linking>
remark #10371-D: (ULP 1.1) Detected no uses of low power mode state changing instructions
remark #10372-D: (ULP 4.1) Detected uninitialized Port A in this project. Recommend initializing all unused ports to eliminate wasted current consumption on unused pins.
remark #10372-D: (ULP 4.1) Detected uninitialized Port B in this project. Recommend initializing all unused ports to eliminate wasted current consumption on unused pins.
remark #10372-D: (ULP 4.1) Detected uninitialized Port C in this project. Recommend initializing all unused ports to eliminate wasted current consumption on unused pins.
remark #10372-D: (ULP 4.1) Detected uninitialized Port D in this project. Recommend initializing all unused ports to eliminate wasted current consumption on unused pins.
remark #10372-D: (ULP 4.1) Detected uninitialized Port E in this project. Recommend initializing all unused ports to eliminate wasted current consumption on unused pins.
Finished building target: "au20xx_flow_sensor.out"
 

**** Build Finished ****

**** Build of configuration Debug for project au20xx_flow_sensor ****

"C:\\ti\\ccs1000\\ccs\\utils\\bin\\gmake" -k all 
 
gmake: Nothing to be done for 'all'.

**** Build Finished ****

**** Build of configuration Debug for project au20xx_flow_sensor ****

"C:\\ti\\ccs1000\\ccs\\utils\\bin\\gmake" -k all 
 
Building file: "../au20xx_api/au20xx_api.c"
Invoking: MSP430 Compiler
"C:/ti/ccs1000/ccs/tools/compiler/ti-cgt-msp430_20.2.0.LTS/bin/cl430" -vmspx --abi=eabi --data_model=restricted --use_hw_mpy=F5 --include_path="C:/ti/ccs1000/ccs/ccs_base/msp430/include" --include_path="E:/AuraSemi/au20xx/au20xx_flow_sensor/configs" --include_path="E:/AuraSemi/au20xx/au20xx_flow_sensor/interface" --include_path="C:/ti/ccs1000/ccs/tools/compiler/ti-cgt-msp430_20.2.0.LTS/include" --advice:power=all --advice:hw_config=all -g --define=__MSP430FR6989__ --display_error_number --diag_warning=225 --diag_wrap=off --silicon_errata=CPU21 --silicon_errata=CPU22 --silicon_errata=CPU40 --printf_support=minimal --preproc_with_compile --preproc_dependency="au20xx_api/au20xx_api.d_raw" --obj_directory="au20xx_api"  "../au20xx_api/au20xx_api.c"
Finished building: "../au20xx_api/au20xx_api.c"
 
Building target: "au20xx_flow_sensor.out"
Invoking: MSP430 Linker
"C:/ti/ccs1000/ccs/tools/compiler/ti-cgt-msp430_20.2.0.LTS/bin/cl430" -vmspx --abi=eabi --data_model=restricted --use_hw_mpy=F5 --advice:power=all --advice:hw_config=all -g --define=__MSP430FR6989__ --display_error_number --diag_warning=225 --diag_wrap=off --silicon_errata=CPU21 --silicon_errata=CPU22 --silicon_errata=CPU40 --printf_support=minimal -z -m"au20xx_flow_sensor.map" --stack_size=160 --heap_size=160 --cinit_hold_wdt=on -i"C:/ti/ccs1000/ccs/ccs_base/msp430/include" -i"C:/ti/ccs1000/ccs/tools/compiler/ti-cgt-msp430_20.2.0.LTS/lib" -i"C:/ti/ccs1000/ccs/tools/compiler/ti-cgt-msp430_20.2.0.LTS/include" -i"C:/ti/ccs1000/ccs/ccs_base/msp430/lib/5xx_6xx_FRxx" -i"C:/ti/ccs1000/ccs/ccs_base/msp430/lib/FR59xx" --reread_libs --priority --warn_sections --diag_wrap=off --display_error_number --xml_link_info="au20xx_flow_sensor_linkInfo.xml" --use_hw_mpy=F5 --rom_model -o "au20xx_flow_sensor.out" "./main.obj" "./au20xx_api/au20xx_api.obj" "./source/common.obj" "./source/hal_gpio.obj" "./source/hal_osc.obj" "./source/hal_spi.obj" "./source/hal_timer.obj" "../lnk_msp430fr6989.cmd"  -llibmath.a -llibc.a 
<Linking>
remark #10371-D: (ULP 1.1) Detected no uses of low power mode state changing instructions
remark #10372-D: (ULP 4.1) Detected uninitialized Port A in this project. Recommend initializing all unused ports to eliminate wasted current consumption on unused pins.
remark #10372-D: (ULP 4.1) Detected uninitialized Port B in this project. Recommend initializing all unused ports to eliminate wasted current consumption on unused pins.
remark #10372-D: (ULP 4.1) Detected uninitialized Port C in this project. Recommend initializing all unused ports to eliminate wasted current consumption on unused pins.
remark #10372-D: (ULP 4.1) Detected uninitialized Port D in this project. Recommend initializing all unused ports to eliminate wasted current consumption on unused pins.
remark #10372-D: (ULP 4.1) Detected uninitialized Port E in this project. Recommend initializing all unused ports to eliminate wasted current consumption on unused pins.
Finished building target: "au20xx_flow_sensor.out"
 

**** Build Finished ****
